Using pre-set license
Built from '2020.3/release' branch; Version is '2020.3.12f1 (b3b2c6512326) revision 11776710'; Using compiler version '192528614'; Build Type 'Release'
OS: 'Windows 10 Home; OS build 19042.1237; Version 2009; 64bit' Language: 'en' Physical Memory: 16314 MB
BatchMode: 1, IsHumanControllingUs: 0, StartBugReporterOnCrash: 0, Is64bit: 1, IsPro: 0

 COMMAND LINE ARGUMENTS:
C:\Program Files\Unity\Hub\Editor\2020.3.12f1\Editor\Unity.exe
-adb2
-batchMode
-noUpm
-name
AssetImportWorker0
-projectPath
C:/Users/mbqua/Desktop/Projects/Puzzle_Game/Puzzle Game
-logFile
Logs/AssetImportWorker0.log
-srvPort
60032
Successfully changed project path to: C:/Users/mbqua/Desktop/Projects/Puzzle_Game/Puzzle Game
C:/Users/mbqua/Desktop/Projects/Puzzle_Game/Puzzle Game
Using Asset Import Pipeline V2.
Refreshing native plugins compatible for Editor in 42.00 ms, found 3 plugins.
Preloading 0 native plugins for Editor in 0.00 ms.
Initialize engine version: 2020.3.12f1 (b3b2c6512326)
[Subsystems] Discovering subsystems at path C:/Program Files/Unity/Hub/Editor/2020.3.12f1/Editor/Data/Resources/UnitySubsystems
[Subsystems] Discovering subsystems at path C:/Users/mbqua/Desktop/Projects/Puzzle_Game/Puzzle Game/Assets
GfxDevice: creating device client; threaded=0
Direct3D:
    Version:  Direct3D 11.0 [level 11.1]
    Renderer: NVIDIA GeForce GTX 1060 6GB (ID=0x1c03)
    Vendor:   
    VRAM:     6052 MB
    Driver:   27.21.14.6089
Initialize mono
Mono path[0] = 'C:/Program Files/Unity/Hub/Editor/2020.3.12f1/Editor/Data/Managed'
Mono path[1] = 'C:/Program Files/Unity/Hub/Editor/2020.3.12f1/Editor/Data/MonoBleedingEdge/lib/mono/unityjit'
Mono config path = 'C:/Program Files/Unity/Hub/Editor/2020.3.12f1/Editor/Data/MonoBleedingEdge/etc'
Using monoOptions --debugger-agent=transport=dt_socket,embedding=1,server=y,suspend=n,address=127.0.0.1:56420
Begin MonoManager ReloadAssembly
Registering precompiled unity dll's ...
Register platform support module: C:/Program Files/Unity/Hub/Editor/2020.3.12f1/Editor/Data/PlaybackEngines/WebGLSupport/UnityEditor.WebGL.Extensions.dll
Register platform support module: C:/Program Files/Unity/Hub/Editor/2020.3.12f1/Editor/Data/PlaybackEngines/WindowsStandaloneSupport/UnityEditor.WindowsStandalone.Extensions.dll
Registered in 0.002083 seconds.
Native extension for WindowsStandalone target not found
Native extension for WebGL target not found
Refreshing native plugins compatible for Editor in 38.42 ms, found 3 plugins.
Preloading 0 native plugins for Editor in 0.00 ms.
Mono: successfully reloaded assembly
- Completed reload, in  1.929 seconds
Platform modules already initialized, skipping
Registering precompiled user dll's ...
Registered in 0.003834 seconds.
Begin MonoManager ReloadAssembly
Native extension for WindowsStandalone target not found
Native extension for WebGL target not found
Refreshing native plugins compatible for Editor in 38.33 ms, found 3 plugins.
Preloading 0 native plugins for Editor in 0.00 ms.
Mono: successfully reloaded assembly
- Completed reload, in  0.913 seconds
Platform modules already initialized, skipping
========================================================================
Worker process is ready to serve import requests
Launched and connected shader compiler UnityShaderCompiler.exe after 0.04 seconds
Refreshing native plugins compatible for Editor in 0.47 ms, found 3 plugins.
Preloading 0 native plugins for Editor in 0.00 ms.
Unloading 2100 Unused Serialized files (Serialized files now loaded: 0)
System memory in use before: 112.9 MB.
System memory in use after: 112.8 MB.

Unloading 32 unused Assets to reduce memory usage. Loaded Objects now: 2554.
Total: 1.983000 ms (FindLiveObjects: 0.184000 ms CreateObjectMapping: 0.049000 ms MarkObjects: 1.644300 ms  DeleteObjects: 0.104800 ms)

AssetImportParameters requested are different than current active one (requested -> active):
  custom:framework-win-MediaFoundation: 216162199b28c13a410421893ffa2e32 -> 
  custom:video-decoder-ogg-theora: a1e56fd34408186e4bbccfd4996cb3dc -> 
  custom:container-muxer-webm: aa71ff27fc2769a1b78a27578f13a17b -> 
  custom:container-demuxer-webm: 4f35f7cbe854078d1ac9338744f61a02 -> 
  custom:container-demuxer-ogg: 62fdf1f143b41e24485cea50d1cbac27 -> 
  custom:video-encoder-webm-vp8: eb34c28f22e8b96e1ab97ce403110664 -> 
  custom:video-decoder-webm-vp8: 9c59270c3fd7afecdb556c50c9e8de78 -> 
  custom:audio-decoder-ogg-vorbis: bf7c407c2cedff20999df2af8eb42d56 -> 
  custom:audio-encoder-webm-vorbis: bf7c407c2cedff20999df2af8eb42d56 -> 
========================================================================
Received Import Request.
  path: Assets/Scenes/Level9/Player9.unity
  artifactKey: Guid(013cf75221a13d94eaf54986d527143f) Importer(815301076,1909f56bfc062723c751e8b465ee728b)
Start importing Assets/Scenes/Level9/Player9.unity using Guid(013cf75221a13d94eaf54986d527143f) Importer(815301076,1909f56bfc062723c751e8b465ee728b)  -> (artifact id: 'd0b992dcc1dcb7e4886756f6bc483af2') in 0.016837 seconds 
  Import took 0.020378 seconds .

========================================================================
Received Import Request.
  Time since last request: 11.411391 seconds.
  path: Assets/Scenes/Level9/Statue9.unity
  artifactKey: Guid(2ba6c7ee43e03f4478a3e4a8f937c0e0) Importer(815301076,1909f56bfc062723c751e8b465ee728b)
Start importing Assets/Scenes/Level9/Statue9.unity using Guid(2ba6c7ee43e03f4478a3e4a8f937c0e0) Importer(815301076,1909f56bfc062723c751e8b465ee728b)  -> (artifact id: 'ebe72cce5c19c1d093d2da5e5b2b6fb1') in 0.006680 seconds 
  Import took 0.010283 seconds .

========================================================================
Received Import Request.
  Time since last request: 49.572732 seconds.
  path: Assets/Scenes/Level9/Statue9.unity
  artifactKey: Guid(2ba6c7ee43e03f4478a3e4a8f937c0e0) Importer(815301076,1909f56bfc062723c751e8b465ee728b)
Start importing Assets/Scenes/Level9/Statue9.unity using Guid(2ba6c7ee43e03f4478a3e4a8f937c0e0) Importer(815301076,1909f56bfc062723c751e8b465ee728b)  -> (artifact id: '432f1594698afb9d5c959d0219c27793') in 0.005893 seconds 
  Import took 0.009357 seconds .

========================================================================
Received Import Request.
  Time since last request: 33.780875 seconds.
  path: Assets/Scenes/Level9/Statue9.unity
  artifactKey: Guid(2ba6c7ee43e03f4478a3e4a8f937c0e0) Importer(815301076,1909f56bfc062723c751e8b465ee728b)
Start importing Assets/Scenes/Level9/Statue9.unity using Guid(2ba6c7ee43e03f4478a3e4a8f937c0e0) Importer(815301076,1909f56bfc062723c751e8b465ee728b)  -> (artifact id: '7421e29367aff4022b51f7132f1577d6') in 0.003368 seconds 
  Import took 0.006849 seconds .

========================================================================
Received Import Request.
  Time since last request: 22.734302 seconds.
  path: Assets/Scenes/Level9/Statue9.unity
  artifactKey: Guid(2ba6c7ee43e03f4478a3e4a8f937c0e0) Importer(815301076,1909f56bfc062723c751e8b465ee728b)
Start importing Assets/Scenes/Level9/Statue9.unity using Guid(2ba6c7ee43e03f4478a3e4a8f937c0e0) Importer(815301076,1909f56bfc062723c751e8b465ee728b)  -> (artifact id: 'bea8fff2b988dbf08c1746e42df71129') in 0.003383 seconds 
  Import took 0.006672 seconds .

========================================================================
Received Import Request.
  Time since last request: 22.528189 seconds.
  path: Assets/Scenes/Level9/Statue9.unity
  artifactKey: Guid(2ba6c7ee43e03f4478a3e4a8f937c0e0) Importer(815301076,1909f56bfc062723c751e8b465ee728b)
Start importing Assets/Scenes/Level9/Statue9.unity using Guid(2ba6c7ee43e03f4478a3e4a8f937c0e0) Importer(815301076,1909f56bfc062723c751e8b465ee728b)  -> (artifact id: '7f409aa5de13207bab81923329021478') in 0.003240 seconds 
  Import took 0.006493 seconds .

========================================================================
Received Import Request.
  Time since last request: 8.173865 seconds.
  path: Assets/Scenes/Level9/Statue9.unity
  artifactKey: Guid(2ba6c7ee43e03f4478a3e4a8f937c0e0) Importer(815301076,1909f56bfc062723c751e8b465ee728b)
Start importing Assets/Scenes/Level9/Statue9.unity using Guid(2ba6c7ee43e03f4478a3e4a8f937c0e0) Importer(815301076,1909f56bfc062723c751e8b465ee728b)  -> (artifact id: 'e4ca48aa667707297493f96db80617e7') in 0.003034 seconds 
  Import took 0.006312 seconds .

========================================================================
Received Import Request.
  Time since last request: 486.118682 seconds.
  path: Assets/Scenes/Level9/Statue9.unity
  artifactKey: Guid(2ba6c7ee43e03f4478a3e4a8f937c0e0) Importer(815301076,1909f56bfc062723c751e8b465ee728b)
Start importing Assets/Scenes/Level9/Statue9.unity using Guid(2ba6c7ee43e03f4478a3e4a8f937c0e0) Importer(815301076,1909f56bfc062723c751e8b465ee728b)  -> (artifact id: 'a0069401174282122e5ae81ba9e1a11f') in 0.002429 seconds 
  Import took 0.006029 seconds .

========================================================================
Received Prepare
Registering precompiled user dll's ...
Registered in 0.003608 seconds.
Begin MonoManager ReloadAssembly
Native extension for WindowsStandalone target not found
Native extension for WebGL target not found
Refreshing native plugins compatible for Editor in 0.57 ms, found 3 plugins.
Preloading 0 native plugins for Editor in 0.00 ms.
Mono: successfully reloaded assembly
- Completed reload, in  0.866 seconds
Platform modules already initialized, skipping
Switching build target platform(19) subTarget(0) extendedPlatform(0) -> platform(13) subTarget(537395200) extendedPlatform(0)
Refreshing native plugins compatible for Editor in 0.49 ms, found 3 plugins.
Preloading 0 native plugins for Editor in 0.00 ms.
Unloading 2098 Unused Serialized files (Serialized files now loaded: 0)
System memory in use before: 112.9 MB.
System memory in use after: 112.8 MB.

Unloading 21 unused Assets to reduce memory usage. Loaded Objects now: 2558.
Total: 1.979700 ms (FindLiveObjects: 0.198300 ms CreateObjectMapping: 0.049000 ms MarkObjects: 1.623500 ms  DeleteObjects: 0.107600 ms)

AssetImportParameters requested are different than current active one (requested -> active):
  custom:framework-win-MediaFoundation: 216162199b28c13a410421893ffa2e32 -> 
  custom:video-decoder-ogg-theora: a1e56fd34408186e4bbccfd4996cb3dc -> 
  custom:container-muxer-webm: aa71ff27fc2769a1b78a27578f13a17b -> 
  custom:container-demuxer-webm: 4f35f7cbe854078d1ac9338744f61a02 -> 
  custom:container-demuxer-ogg: 62fdf1f143b41e24485cea50d1cbac27 -> 
  custom:video-encoder-webm-vp8: eb34c28f22e8b96e1ab97ce403110664 -> 
  custom:video-decoder-webm-vp8: 9c59270c3fd7afecdb556c50c9e8de78 -> 
  custom:graphics/normal-map-encoding: 01000000000000000000000000000000 -> 02000000000000000000000000000000
  custom:audio-decoder-ogg-vorbis: bf7c407c2cedff20999df2af8eb42d56 -> 
  custom:audio-encoder-webm-vorbis: bf7c407c2cedff20999df2af8eb42d56 -> 
========================================================================
Received Import Request.
  Time since last request: 66.133012 seconds.
  path: Assets/Scenes/Level9/Player9.unity
  artifactKey: Guid(013cf75221a13d94eaf54986d527143f) Importer(815301076,1909f56bfc062723c751e8b465ee728b)
Start importing Assets/Scenes/Level9/Player9.unity using Guid(013cf75221a13d94eaf54986d527143f) Importer(815301076,1909f56bfc062723c751e8b465ee728b)  -> (artifact id: '8d7957c882b570cb41786d1e2e67d8c0') in 0.011093 seconds 
  Import took 0.014939 seconds .

========================================================================
Received Import Request.
  Time since last request: 2.351381 seconds.
  path: Assets/Scenes/Level9/Statue9.unity
  artifactKey: Guid(2ba6c7ee43e03f4478a3e4a8f937c0e0) Importer(815301076,1909f56bfc062723c751e8b465ee728b)
Start importing Assets/Scenes/Level9/Statue9.unity using Guid(2ba6c7ee43e03f4478a3e4a8f937c0e0) Importer(815301076,1909f56bfc062723c751e8b465ee728b)  -> (artifact id: '75dd383b2b08f1f78c9f3968c3d8304f') in 0.003832 seconds 
  Import took 0.007461 seconds .

========================================================================
Received Import Request.
  Time since last request: 2.660599 seconds.
  path: Assets/Scenes/Level10/Player10.unity
  artifactKey: Guid(89ff1c4c89e97f745903649923a15719) Importer(815301076,1909f56bfc062723c751e8b465ee728b)
Start importing Assets/Scenes/Level10/Player10.unity using Guid(89ff1c4c89e97f745903649923a15719) Importer(815301076,1909f56bfc062723c751e8b465ee728b)  -> (artifact id: 'cf8beaf9bcce3726cc0b7cb57c2799a0') in 0.004086 seconds 
  Import took 0.007617 seconds .

========================================================================
Received Import Request.
  Time since last request: 2.744218 seconds.
  path: Assets/Scenes/Level10/Statue10.unity
  artifactKey: Guid(efa8b345cba7f5b498c39a5afaa52d6b) Importer(815301076,1909f56bfc062723c751e8b465ee728b)
Start importing Assets/Scenes/Level10/Statue10.unity using Guid(efa8b345cba7f5b498c39a5afaa52d6b) Importer(815301076,1909f56bfc062723c751e8b465ee728b)  -> (artifact id: 'e9f62c0cd100d1f54d5a61aac1416f72') in 0.007420 seconds 
  Import took 0.010897 seconds .

========================================================================
Received Prepare
Registering precompiled user dll's ...
Registered in 0.004185 seconds.
Begin MonoManager ReloadAssembly
Native extension for WindowsStandalone target not found
Native extension for WebGL target not found
Refreshing native plugins compatible for Editor in 0.51 ms, found 3 plugins.
Preloading 0 native plugins for Editor in 0.00 ms.
Mono: successfully reloaded assembly
- Completed reload, in  0.839 seconds
Platform modules already initialized, skipping
Switching build target platform(19) subTarget(0) extendedPlatform(0) -> platform(13) subTarget(537395200) extendedPlatform(0)
Refreshing native plugins compatible for Editor in 0.50 ms, found 3 plugins.
Preloading 0 native plugins for Editor in 0.00 ms.
Unloading 2098 Unused Serialized files (Serialized files now loaded: 0)
System memory in use before: 112.9 MB.
System memory in use after: 112.9 MB.

Unloading 21 unused Assets to reduce memory usage. Loaded Objects now: 2562.
Total: 1.961200 ms (FindLiveObjects: 0.189900 ms CreateObjectMapping: 0.048500 ms MarkObjects: 1.623800 ms  DeleteObjects: 0.098000 ms)

AssetImportParameters requested are different than current active one (requested -> active):
  custom:framework-win-MediaFoundation: 216162199b28c13a410421893ffa2e32 -> 
  custom:video-decoder-ogg-theora: a1e56fd34408186e4bbccfd4996cb3dc -> 
  custom:container-muxer-webm: aa71ff27fc2769a1b78a27578f13a17b -> 
  custom:container-demuxer-webm: 4f35f7cbe854078d1ac9338744f61a02 -> 
  custom:container-demuxer-ogg: 62fdf1f143b41e24485cea50d1cbac27 -> 
  custom:video-encoder-webm-vp8: eb34c28f22e8b96e1ab97ce403110664 -> 
  custom:video-decoder-webm-vp8: 9c59270c3fd7afecdb556c50c9e8de78 -> 
  custom:graphics/normal-map-encoding: 01000000000000000000000000000000 -> 02000000000000000000000000000000
  custom:audio-decoder-ogg-vorbis: bf7c407c2cedff20999df2af8eb42d56 -> 
  custom:audio-encoder-webm-vorbis: bf7c407c2cedff20999df2af8eb42d56 -> 
========================================================================
Received Prepare
Registering precompiled user dll's ...
Registered in 0.003705 seconds.
Begin MonoManager ReloadAssembly
Native extension for WindowsStandalone target not found
Native extension for WebGL target not found
Refreshing native plugins compatible for Editor in 0.53 ms, found 3 plugins.
Preloading 0 native plugins for Editor in 0.00 ms.
Mono: successfully reloaded assembly
- Completed reload, in  0.932 seconds
Platform modules already initialized, skipping
Switching build target platform(19) subTarget(0) extendedPlatform(0) -> platform(13) subTarget(537395200) extendedPlatform(0)
Refreshing native plugins compatible for Editor in 0.58 ms, found 3 plugins.
Preloading 0 native plugins for Editor in 0.00 ms.
Unloading 2098 Unused Serialized files (Serialized files now loaded: 0)
System memory in use before: 112.9 MB.
System memory in use after: 112.9 MB.

Unloading 21 unused Assets to reduce memory usage. Loaded Objects now: 2566.
Total: 2.332400 ms (FindLiveObjects: 0.229000 ms CreateObjectMapping: 0.051200 ms MarkObjects: 1.933300 ms  DeleteObjects: 0.117700 ms)

AssetImportParameters requested are different than current active one (requested -> active):
  custom:framework-win-MediaFoundation: 216162199b28c13a410421893ffa2e32 -> 
  custom:video-decoder-ogg-theora: a1e56fd34408186e4bbccfd4996cb3dc -> 
  custom:container-muxer-webm: aa71ff27fc2769a1b78a27578f13a17b -> 
  custom:container-demuxer-webm: 4f35f7cbe854078d1ac9338744f61a02 -> 
  custom:container-demuxer-ogg: 62fdf1f143b41e24485cea50d1cbac27 -> 
  custom:video-encoder-webm-vp8: eb34c28f22e8b96e1ab97ce403110664 -> 
  custom:video-decoder-webm-vp8: 9c59270c3fd7afecdb556c50c9e8de78 -> 
  custom:graphics/normal-map-encoding: 01000000000000000000000000000000 -> 02000000000000000000000000000000
  custom:audio-decoder-ogg-vorbis: bf7c407c2cedff20999df2af8eb42d56 -> 
  custom:audio-encoder-webm-vorbis: bf7c407c2cedff20999df2af8eb42d56 -> 
AssetImportWorkerClient::OnTransportError - code=2 error=End of file
